<?xml version="1.0" encoding="UTF-8"?>
<!-- Generated by org.testng.reporters.JUnitReportReporter -->
<testsuite skipped="0" hostname="LAPTOP-IKGRIVOR" name="Framework.rahulshetty.Loginfunction" tests="2" failures="0" timestamp="13 Jan 2021 13:07:56 GMT" time="24.478" errors="0">
  <testcase name="test" time="19.058" classname="Framework.rahulshetty.Loginfunction"/>
  <testcase name="test" time="5.420" classname="Framework.rahulshetty.Loginfunction"/>
</testsuite> <!-- Framework.rahulshetty.Loginfunction -->
