<?xml version="1.0" encoding="UTF-8"?>
<!-- Generated by org.testng.reporters.JUnitReportReporter -->
<testsuite skipped="0" hostname="LAPTOP-IKGRIVOR" name="Framework.rahulshetty.Homepage" tests="1" failures="0" timestamp="13 Jan 2021 08:13:53 GMT" time="14.845" errors="0">
  <testcase name="test" time="14.845" classname="Framework.rahulshetty.Homepage"/>
</testsuite> <!-- Framework.rahulshetty.Homepage -->
