<?xml version="1.0" encoding="UTF-8"?>
<!-- Generated by org.testng.reporters.JUnitReportReporter -->
<testsuite skipped="0" hostname="LAPTOP-IKGRIVOR" name="Framework.rahulshetty.Loginfunction" tests="2" failures="0" timestamp="13 Jan 2021 08:13:53 GMT" time="13.626" errors="0">
  <testcase name="test" time="10.887" classname="Framework.rahulshetty.Loginfunction"/>
  <testcase name="test" time="2.739" classname="Framework.rahulshetty.Loginfunction"/>
</testsuite> <!-- Framework.rahulshetty.Loginfunction -->
